
 /----------------------------------------------------------------------------\
 |                                                                            |
 |  yosys -- Yosys Open SYnthesis Suite                                       |
 |                                                                            |
 |  Copyright (C) 2012 - 2020  Claire Xenia Wolf <claire@yosyshq.com>         |
 |                                                                            |
 |  Permission to use, copy, modify, and/or distribute this software for any  |
 |  purpose with or without fee is hereby granted, provided that the above    |
 |  copyright notice and this permission notice appear in all copies.         |
 |                                                                            |
 |  THE SOFTWARE IS PROVIDED "AS IS" AND THE AUTHOR DISCLAIMS ALL WARRANTIES  |
 |  WITH REGARD TO THIS SOFTWARE INCLUDING ALL IMPLIED WARRANTIES OF          |
 |  MERCHANTABILITY AND FITNESS. IN NO EVENT SHALL THE AUTHOR BE LIABLE FOR   |
 |  ANY SPECIAL, DIRECT, INDIRECT, OR CONSEQUENTIAL DAMAGES OR ANY DAMAGES    |
 |  WHATSOEVER RESULTING FROM LOSS OF USE, DATA OR PROFITS, WHETHER IN AN     |
 |  ACTION OF CONTRACT, NEGLIGENCE OR OTHER TORTIOUS ACTION, ARISING OUT OF   |
 |  OR IN CONNECTION WITH THE USE OR PERFORMANCE OF THIS SOFTWARE.            |
 |                                                                            |
 \----------------------------------------------------------------------------/

 Yosys 0.33 (git sha1 2584903a060)


-- Running command `read_verilog -sv rtl/secure_compare_fixed.sv; synth -top secure_compare_fixed; stat' --

1. Executing Verilog-2005 frontend: rtl/secure_compare_fixed.sv
Parsing SystemVerilog input from `rtl/secure_compare_fixed.sv' to AST representation.
Generating RTLIL representation for module `\secure_compare_fixed'.
Successfully finished Verilog frontend.

2. Executing SYNTH pass.

2.1. Executing HIERARCHY pass (managing design hierarchy).

2.1.1. Analyzing design hierarchy..
Top module:  \secure_compare_fixed

2.1.2. Analyzing design hierarchy..
Top module:  \secure_compare_fixed
Removed 0 unused modules.

2.2. Executing PROC pass (convert processes to netlists).

2.2.1. Executing PROC_CLEAN pass (remove empty switches from decision trees).
Cleaned up 0 empty switches.

2.2.2. Executing PROC_RMDEAD pass (remove dead branches from decision trees).
Marked 3 switch rules as full_case in process $proc$rtl/secure_compare_fixed.sv:34$9 in module secure_compare_fixed.
Removed a total of 0 dead cases.

2.2.3. Executing PROC_PRUNE pass (remove redundant assignments in processes).
Removed 1 redundant assignment.
Promoted 0 assignments to connections.

2.2.4. Executing PROC_INIT pass (extract init attributes).

2.2.5. Executing PROC_ARST pass (detect async resets in processes).

2.2.6. Executing PROC_ROM pass (convert switches to ROMs).
Converted 0 switches.
<suppressed ~4 debug messages>

2.2.7. Executing PROC_MUX pass (convert decision trees to multiplexers).
Creating decoders for process `\secure_compare_fixed.$proc$rtl/secure_compare_fixed.sv:34$9'.
     1/6: $0\done[0:0]
     2/6: $0\mismatch_seen[0:0]
     3/6: $0\idx[2:0]
     4/6: $0\running[0:0]
     5/6: $0\debug_count[7:0]
     6/6: $0\match[0:0]

2.2.8. Executing PROC_DLATCH pass (convert process syncs to latches).

2.2.9. Executing PROC_DFF pass (convert process syncs to FFs).
Creating register for signal `\secure_compare_fixed.\done' using process `\secure_compare_fixed.$proc$rtl/secure_compare_fixed.sv:34$9'.
  created $dff cell `$procdff$81' with positive edge clock.
Creating register for signal `\secure_compare_fixed.\match' using process `\secure_compare_fixed.$proc$rtl/secure_compare_fixed.sv:34$9'.
  created $dff cell `$procdff$82' with positive edge clock.
Creating register for signal `\secure_compare_fixed.\debug_count' using process `\secure_compare_fixed.$proc$rtl/secure_compare_fixed.sv:34$9'.
  created $dff cell `$procdff$83' with positive edge clock.
Creating register for signal `\secure_compare_fixed.\running' using process `\secure_compare_fixed.$proc$rtl/secure_compare_fixed.sv:34$9'.
  created $dff cell `$procdff$84' with positive edge clock.
Creating register for signal `\secure_compare_fixed.\idx' using process `\secure_compare_fixed.$proc$rtl/secure_compare_fixed.sv:34$9'.
  created $dff cell `$procdff$85' with positive edge clock.
Creating register for signal `\secure_compare_fixed.\mismatch_seen' using process `\secure_compare_fixed.$proc$rtl/secure_compare_fixed.sv:34$9'.
  created $dff cell `$procdff$86' with positive edge clock.

2.2.10. Executing PROC_MEMWR pass (convert process memory writes to cells).

2.2.11. Executing PROC_CLEAN pass (remove empty switches from decision trees).
Found and cleaned up 4 empty switches in `\secure_compare_fixed.$proc$rtl/secure_compare_fixed.sv:34$9'.
Removing empty process `secure_compare_fixed.$proc$rtl/secure_compare_fixed.sv:34$9'.
Cleaned up 4 empty switches.

2.2.12. Executing OPT_EXPR pass (perform const folding).
Optimizing module secure_compare_fixed.

2.3. Executing OPT_EXPR pass (perform const folding).
Optimizing module secure_compare_fixed.
<suppressed ~6 debug messages>

2.4. Executing OPT_CLEAN pass (remove unused cells and wires).
Finding unused cells or wires in module \secure_compare_fixed..
Removed 0 unused cells and 37 unused wires.
<suppressed ~3 debug messages>

2.5. Executing CHECK pass (checking for obvious problems).
Checking module secure_compare_fixed...
Found and reported 0 problems.

2.6. Executing OPT pass (performing simple optimizations).

2.6.1. Executing OPT_EXPR pass (perform const folding).
Optimizing module secure_compare_fixed.

2.6.2. Executing OPT_MERGE pass (detect identical cells).
Finding identical cells in module `\secure_compare_fixed'.
<suppressed ~6 debug messages>
Removed a total of 2 cells.

2.6.3. Executing OPT_MUXTREE pass (detect dead branches in mux trees).
Running muxtree optimizer on module \secure_compare_fixed..
  Creating internal representation of mux trees.
  Evaluating internal representation of mux trees.
      Replacing known input bits on port A of cell $procmux$54: \running -> 1'0
      Replacing known input bits on port A of cell $procmux$52: \running -> 1'1
  Analyzing evaluation results.
Removed 0 multiplexer ports.
<suppressed ~6 debug messages>

2.6.4. Executing OPT_REDUCE pass (consolidate $*mux and $reduce_* inputs).
  Optimizing cells in module \secure_compare_fixed.
Performed a total of 0 changes.

2.6.5. Executing OPT_MERGE pass (detect identical cells).
Finding identical cells in module `\secure_compare_fixed'.
Removed a total of 0 cells.

2.6.6. Executing OPT_DFF pass (perform DFF optimizations).

2.6.7. Executing OPT_CLEAN pass (remove unused cells and wires).
Finding unused cells or wires in module \secure_compare_fixed..
Removed 0 unused cells and 2 unused wires.
<suppressed ~1 debug messages>

2.6.8. Executing OPT_EXPR pass (perform const folding).
Optimizing module secure_compare_fixed.

2.6.9. Rerunning OPT passes. (Maybe there is more to do..)

2.6.10. Executing OPT_MUXTREE pass (detect dead branches in mux trees).
Running muxtree optimizer on module \secure_compare_fixed..
  Creating internal representation of mux trees.
  Evaluating internal representation of mux trees.
  Analyzing evaluation results.
Removed 0 multiplexer ports.
<suppressed ~6 debug messages>

2.6.11. Executing OPT_REDUCE pass (consolidate $*mux and $reduce_* inputs).
  Optimizing cells in module \secure_compare_fixed.
Performed a total of 0 changes.

2.6.12. Executing OPT_MERGE pass (detect identical cells).
Finding identical cells in module `\secure_compare_fixed'.
Removed a total of 0 cells.

2.6.13. Executing OPT_DFF pass (perform DFF optimizations).

2.6.14. Executing OPT_CLEAN pass (remove unused cells and wires).
Finding unused cells or wires in module \secure_compare_fixed..

2.6.15. Executing OPT_EXPR pass (perform const folding).
Optimizing module secure_compare_fixed.

2.6.16. Finished OPT passes. (There is nothing left to do.)

2.7. Executing FSM pass (extract and optimize FSM).

2.7.1. Executing FSM_DETECT pass (finding FSMs in design).
Not marking secure_compare_fixed.debug_count as FSM state register:
    Register is connected to module port.
    Users of register don't seem to benefit from recoding.

2.7.2. Executing FSM_EXTRACT pass (extracting FSM from design).

2.7.3. Executing FSM_OPT pass (simple optimizations of FSMs).

2.7.4. Executing OPT_CLEAN pass (remove unused cells and wires).
Finding unused cells or wires in module \secure_compare_fixed..

2.7.5. Executing FSM_OPT pass (simple optimizations of FSMs).

2.7.6. Executing FSM_RECODE pass (re-assigning FSM state encoding).

2.7.7. Executing FSM_INFO pass (dumping all available information on FSM cells).

2.7.8. Executing FSM_MAP pass (mapping FSMs to basic logic).

2.8. Executing OPT pass (performing simple optimizations).

2.8.1. Executing OPT_EXPR pass (perform const folding).
Optimizing module secure_compare_fixed.

2.8.2. Executing OPT_MERGE pass (detect identical cells).
Finding identical cells in module `\secure_compare_fixed'.
Removed a total of 0 cells.

2.8.3. Executing OPT_MUXTREE pass (detect dead branches in mux trees).
Running muxtree optimizer on module \secure_compare_fixed..
  Creating internal representation of mux trees.
  Evaluating internal representation of mux trees.
  Analyzing evaluation results.
Removed 0 multiplexer ports.
<suppressed ~6 debug messages>

2.8.4. Executing OPT_REDUCE pass (consolidate $*mux and $reduce_* inputs).
  Optimizing cells in module \secure_compare_fixed.
Performed a total of 0 changes.

2.8.5. Executing OPT_MERGE pass (detect identical cells).
Finding identical cells in module `\secure_compare_fixed'.
Removed a total of 0 cells.

2.8.6. Executing OPT_DFF pass (perform DFF optimizations).
Adding SRST signal on $procdff$86 ($dff) from module secure_compare_fixed (D = $procmux$32_Y, Q = \mismatch_seen, rval = 1'0).
Adding EN signal on $auto$ff.cc:266:slice$87 ($sdff) from module secure_compare_fixed (D = $logic_or$rtl/secure_compare_fixed.sv:77$13_Y, Q = \mismatch_seen).
Adding SRST signal on $procdff$85 ($dff) from module secure_compare_fixed (D = $procmux$43_Y, Q = \idx, rval = 3'000).
Adding EN signal on $auto$ff.cc:266:slice$95 ($sdff) from module secure_compare_fixed (D = $add$rtl/secure_compare_fixed.sv:80$17_Y, Q = \idx).
Adding SRST signal on $procdff$84 ($dff) from module secure_compare_fixed (D = $procmux$57_Y, Q = \running, rval = 1'0).
Adding SRST signal on $procdff$83 ($dff) from module secure_compare_fixed (D = $procmux$62_Y, Q = \debug_count, rval = 8'00000000).
Adding EN signal on $auto$ff.cc:266:slice$104 ($sdff) from module secure_compare_fixed (D = 8'00000000, Q = \debug_count).
Adding SRST signal on $procdff$82 ($dff) from module secure_compare_fixed (D = $procmux$73_Y, Q = \match, rval = 1'0).
Adding EN signal on $auto$ff.cc:266:slice$108 ($sdff) from module secure_compare_fixed (D = $logic_not$rtl/secure_compare_fixed.sv:77$14_Y, Q = \match).
Adding SRST signal on $procdff$81 ($dff) from module secure_compare_fixed (D = $procmux$19_Y, Q = \done, rval = 1'0).
Setting constant 0-bit at position 0 on $auto$ff.cc:266:slice$107 ($sdffe) from module secure_compare_fixed.
Setting constant 0-bit at position 1 on $auto$ff.cc:266:slice$107 ($sdffe) from module secure_compare_fixed.
Setting constant 0-bit at position 2 on $auto$ff.cc:266:slice$107 ($sdffe) from module secure_compare_fixed.
Setting constant 0-bit at position 3 on $auto$ff.cc:266:slice$107 ($sdffe) from module secure_compare_fixed.
Setting constant 0-bit at position 4 on $auto$ff.cc:266:slice$107 ($sdffe) from module secure_compare_fixed.
Setting constant 0-bit at position 5 on $auto$ff.cc:266:slice$107 ($sdffe) from module secure_compare_fixed.
Setting constant 0-bit at position 6 on $auto$ff.cc:266:slice$107 ($sdffe) from module secure_compare_fixed.
Setting constant 0-bit at position 7 on $auto$ff.cc:266:slice$107 ($sdffe) from module secure_compare_fixed.

2.8.7. Executing OPT_CLEAN pass (remove unused cells and wires).
Finding unused cells or wires in module \secure_compare_fixed..
Removed 20 unused cells and 20 unused wires.
<suppressed ~21 debug messages>

2.8.8. Executing OPT_EXPR pass (perform const folding).
Optimizing module secure_compare_fixed.

2.8.9. Rerunning OPT passes. (Maybe there is more to do..)

2.8.10. Executing OPT_MUXTREE pass (detect dead branches in mux trees).
Running muxtree optimizer on module \secure_compare_fixed..
  Creating internal representation of mux trees.
  Evaluating internal representation of mux trees.
  Analyzing evaluation results.
Removed 0 multiplexer ports.
<suppressed ~2 debug messages>

2.8.11. Executing OPT_REDUCE pass (consolidate $*mux and $reduce_* inputs).
  Optimizing cells in module \secure_compare_fixed.
Performed a total of 0 changes.

2.8.12. Executing OPT_MERGE pass (detect identical cells).
Finding identical cells in module `\secure_compare_fixed'.
<suppressed ~12 debug messages>
Removed a total of 4 cells.

2.8.13. Executing OPT_DFF pass (perform DFF optimizations).

2.8.14. Executing OPT_CLEAN pass (remove unused cells and wires).
Finding unused cells or wires in module \secure_compare_fixed..
Removed 0 unused cells and 4 unused wires.
<suppressed ~1 debug messages>

2.8.15. Executing OPT_EXPR pass (perform const folding).
Optimizing module secure_compare_fixed.

2.8.16. Rerunning OPT passes. (Maybe there is more to do..)

2.8.17. Executing OPT_MUXTREE pass (detect dead branches in mux trees).
Running muxtree optimizer on module \secure_compare_fixed..
  Creating internal representation of mux trees.
  Evaluating internal representation of mux trees.
  Analyzing evaluation results.
Removed 0 multiplexer ports.
<suppressed ~2 debug messages>

2.8.18. Executing OPT_REDUCE pass (consolidate $*mux and $reduce_* inputs).
  Optimizing cells in module \secure_compare_fixed.
Performed a total of 0 changes.

2.8.19. Executing OPT_MERGE pass (detect identical cells).
Finding identical cells in module `\secure_compare_fixed'.
Removed a total of 0 cells.

2.8.20. Executing OPT_DFF pass (perform DFF optimizations).

2.8.21. Executing OPT_CLEAN pass (remove unused cells and wires).
Finding unused cells or wires in module \secure_compare_fixed..

2.8.22. Executing OPT_EXPR pass (perform const folding).
Optimizing module secure_compare_fixed.

2.8.23. Finished OPT passes. (There is nothing left to do.)

2.9. Executing WREDUCE pass (reducing word size of cells).
Removed top 25 bits (of 32) from port B of cell secure_compare_fixed.$shiftx$rtl/secure_compare_fixed.sv:0$3 ($shiftx).
Removed top 25 bits (of 32) from port B of cell secure_compare_fixed.$shiftx$rtl/secure_compare_fixed.sv:0$6 ($shiftx).
Removed top 2 bits (of 3) from port B of cell secure_compare_fixed.$add$rtl/secure_compare_fixed.sv:80$17 ($add).

2.10. Executing PEEPOPT pass (run peephole optimizers).

2.11. Executing OPT_CLEAN pass (remove unused cells and wires).
Finding unused cells or wires in module \secure_compare_fixed..

2.12. Executing ALUMACC pass (create $alu and $macc cells).
Extracting $alu and $macc cells in module secure_compare_fixed:
  creating $macc model for $add$rtl/secure_compare_fixed.sv:80$17 ($add).
  creating $alu model for $macc $add$rtl/secure_compare_fixed.sv:80$17.
  creating $alu cell for $add$rtl/secure_compare_fixed.sv:80$17: $auto$alumacc.cc:485:replace_alu$119
  created 1 $alu and 0 $macc cells.

2.13. Executing SHARE pass (SAT-based resource sharing).

2.14. Executing OPT pass (performing simple optimizations).

2.14.1. Executing OPT_EXPR pass (perform const folding).
Optimizing module secure_compare_fixed.

2.14.2. Executing OPT_MERGE pass (detect identical cells).
Finding identical cells in module `\secure_compare_fixed'.
Removed a total of 0 cells.

2.14.3. Executing OPT_MUXTREE pass (detect dead branches in mux trees).
Running muxtree optimizer on module \secure_compare_fixed..
  Creating internal representation of mux trees.
  Evaluating internal representation of mux trees.
  Analyzing evaluation results.
Removed 0 multiplexer ports.
<suppressed ~2 debug messages>

2.14.4. Executing OPT_REDUCE pass (consolidate $*mux and $reduce_* inputs).
  Optimizing cells in module \secure_compare_fixed.
Performed a total of 0 changes.

2.14.5. Executing OPT_MERGE pass (detect identical cells).
Finding identical cells in module `\secure_compare_fixed'.
Removed a total of 0 cells.

2.14.6. Executing OPT_DFF pass (perform DFF optimizations).

2.14.7. Executing OPT_CLEAN pass (remove unused cells and wires).
Finding unused cells or wires in module \secure_compare_fixed..

2.14.8. Executing OPT_EXPR pass (perform const folding).
Optimizing module secure_compare_fixed.

2.14.9. Finished OPT passes. (There is nothing left to do.)

2.15. Executing MEMORY pass.

2.15.1. Executing OPT_MEM pass (optimize memories).
Performed a total of 0 transformations.

2.15.2. Executing OPT_MEM_PRIORITY pass (removing unnecessary memory write priority relations).
Performed a total of 0 transformations.

2.15.3. Executing OPT_MEM_FEEDBACK pass (finding memory read-to-write feedback paths).

2.15.4. Executing MEMORY_BMUX2ROM pass (converting muxes to ROMs).

2.15.5. Executing MEMORY_DFF pass (merging $dff cells to $memrd).

2.15.6. Executing OPT_CLEAN pass (remove unused cells and wires).
Finding unused cells or wires in module \secure_compare_fixed..

2.15.7. Executing MEMORY_SHARE pass (consolidating $memrd/$memwr cells).

2.15.8. Executing OPT_MEM_WIDEN pass (optimize memories where all ports are wide).
Performed a total of 0 transformations.

2.15.9. Executing OPT_CLEAN pass (remove unused cells and wires).
Finding unused cells or wires in module \secure_compare_fixed..

2.15.10. Executing MEMORY_COLLECT pass (generating $mem cells).

2.16. Executing OPT_CLEAN pass (remove unused cells and wires).
Finding unused cells or wires in module \secure_compare_fixed..

2.17. Executing OPT pass (performing simple optimizations).

2.17.1. Executing OPT_EXPR pass (perform const folding).
Optimizing module secure_compare_fixed.
<suppressed ~4 debug messages>

2.17.2. Executing OPT_MERGE pass (detect identical cells).
Finding identical cells in module `\secure_compare_fixed'.
<suppressed ~3 debug messages>
Removed a total of 1 cells.

2.17.3. Executing OPT_DFF pass (perform DFF optimizations).

2.17.4. Executing OPT_CLEAN pass (remove unused cells and wires).
Finding unused cells or wires in module \secure_compare_fixed..
Removed 0 unused cells and 2 unused wires.
<suppressed ~1 debug messages>

2.17.5. Finished fast OPT passes.

2.18. Executing MEMORY_MAP pass (converting memories to logic and flip-flops).

2.19. Executing OPT pass (performing simple optimizations).

2.19.1. Executing OPT_EXPR pass (perform const folding).
Optimizing module secure_compare_fixed.

2.19.2. Executing OPT_MERGE pass (detect identical cells).
Finding identical cells in module `\secure_compare_fixed'.
Removed a total of 0 cells.

2.19.3. Executing OPT_MUXTREE pass (detect dead branches in mux trees).
Running muxtree optimizer on module \secure_compare_fixed..
  Creating internal representation of mux trees.
  No muxes found in this module.
Removed 0 multiplexer ports.

2.19.4. Executing OPT_REDUCE pass (consolidate $*mux and $reduce_* inputs).
  Optimizing cells in module \secure_compare_fixed.
Performed a total of 0 changes.

2.19.5. Executing OPT_MERGE pass (detect identical cells).
Finding identical cells in module `\secure_compare_fixed'.
Removed a total of 0 cells.

2.19.6. Executing OPT_SHARE pass.

2.19.7. Executing OPT_DFF pass (perform DFF optimizations).

2.19.8. Executing OPT_CLEAN pass (remove unused cells and wires).
Finding unused cells or wires in module \secure_compare_fixed..

2.19.9. Executing OPT_EXPR pass (perform const folding).
Optimizing module secure_compare_fixed.

2.19.10. Finished OPT passes. (There is nothing left to do.)

2.20. Executing TECHMAP pass (map to technology primitives).

2.20.1. Executing Verilog-2005 frontend: /usr/bin/../share/yosys/techmap.v
Parsing Verilog input from `/usr/bin/../share/yosys/techmap.v' to AST representation.
Generating RTLIL representation for module `\_90_simplemap_bool_ops'.
Generating RTLIL representation for module `\_90_simplemap_reduce_ops'.
Generating RTLIL representation for module `\_90_simplemap_logic_ops'.
Generating RTLIL representation for module `\_90_simplemap_compare_ops'.
Generating RTLIL representation for module `\_90_simplemap_various'.
Generating RTLIL representation for module `\_90_simplemap_registers'.
Generating RTLIL representation for module `\_90_shift_ops_shr_shl_sshl_sshr'.
Generating RTLIL representation for module `\_90_shift_shiftx'.
Generating RTLIL representation for module `\_90_fa'.
Generating RTLIL representation for module `\_90_lcu'.
Generating RTLIL representation for module `\_90_alu'.
Generating RTLIL representation for module `\_90_macc'.
Generating RTLIL representation for module `\_90_alumacc'.
Generating RTLIL representation for module `\$__div_mod_u'.
Generating RTLIL representation for module `\$__div_mod_trunc'.
Generating RTLIL representation for module `\_90_div'.
Generating RTLIL representation for module `\_90_mod'.
Generating RTLIL representation for module `\$__div_mod_floor'.
Generating RTLIL representation for module `\_90_divfloor'.
Generating RTLIL representation for module `\_90_modfloor'.
Generating RTLIL representation for module `\_90_pow'.
Generating RTLIL representation for module `\_90_pmux'.
Generating RTLIL representation for module `\_90_demux'.
Generating RTLIL representation for module `\_90_lut'.
Successfully finished Verilog frontend.

2.20.2. Continuing TECHMAP pass.
Using template $paramod$constmap:e06a0a1adb0f8985cfbbf8ba025518fcec6d3b16$paramod$3bc42dccc683f8adaddd1d2d9861164873fa59f0\_90_shift_shiftx for cells of type $shiftx.
Analyzing pattern of constant bits for this cell:
  Constant input on bit 0 of port A: 1'0
  Constant input on bit 1 of port A: 1'0
  Constant input on bit 2 of port A: 1'0
  Constant input on bit 3 of port A: 1'1
  Constant input on bit 4 of port A: 1'0
  Constant input on bit 5 of port A: 1'0
  Constant input on bit 6 of port A: 1'0
  Constant input on bit 7 of port A: 1'1
  Constant input on bit 8 of port A: 1'1
  Constant input on bit 9 of port A: 1'1
  Constant input on bit 10 of port A: 1'1
  Constant input on bit 11 of port A: 1'0
  Constant input on bit 12 of port A: 1'1
  Constant input on bit 13 of port A: 1'1
  Constant input on bit 14 of port A: 1'1
  Constant input on bit 15 of port A: 1'0
  Constant input on bit 16 of port A: 1'0
  Constant input on bit 17 of port A: 1'1
  Constant input on bit 18 of port A: 1'1
  Constant input on bit 19 of port A: 1'0
  Constant input on bit 20 of port A: 1'0
  Constant input on bit 21 of port A: 1'1
  Constant input on bit 22 of port A: 1'1
  Constant input on bit 23 of port A: 1'0
  Constant input on bit 24 of port A: 1'1
  Constant input on bit 25 of port A: 1'0
  Constant input on bit 26 of port A: 1'1
  Constant input on bit 27 of port A: 1'0
  Constant input on bit 28 of port A: 1'1
  Constant input on bit 29 of port A: 1'0
  Constant input on bit 30 of port A: 1'1
  Constant input on bit 31 of port A: 1'0
  Constant input on bit 32 of port A: 1'0
  Constant input on bit 33 of port A: 1'0
  Constant input on bit 34 of port A: 1'1
  Constant input on bit 35 of port A: 1'0
  Constant input on bit 36 of port A: 1'0
  Constant input on bit 37 of port A: 1'0
  Constant input on bit 38 of port A: 1'1
  Constant input on bit 39 of port A: 1'0
  Constant input on bit 40 of port A: 1'1
  Constant input on bit 41 of port A: 1'1
  Constant input on bit 42 of port A: 1'0
  Constant input on bit 43 of port A: 1'0
  Constant input on bit 44 of port A: 1'1
  Constant input on bit 45 of port A: 1'1
  Constant input on bit 46 of port A: 1'0
  Constant input on bit 47 of port A: 1'0
  Constant input on bit 48 of port A: 1'0
  Constant input on bit 49 of port A: 1'1
  Constant input on bit 50 of port A: 1'0
  Constant input on bit 51 of port A: 1'0
  Constant input on bit 52 of port A: 1'0
  Constant input on bit 53 of port A: 1'1
  Constant input on bit 54 of port A: 1'0
  Constant input on bit 55 of port A: 1'0
  Constant input on bit 56 of port A: 1'1
  Constant input on bit 57 of port A: 1'0
  Constant input on bit 58 of port A: 1'0
  Constant input on bit 59 of port A: 1'0
  Constant input on bit 60 of port A: 1'1
  Constant input on bit 61 of port A: 1'0
  Constant input on bit 62 of port A: 1'0
  Constant input on bit 63 of port A: 1'0
  Constant input on bit 0 of port B: 1'0
  Constant input on bit 1 of port B: 1'0
  Constant input on bit 2 of port B: 1'0
  Constant input on bit 6 of port B: 1'0
Creating constmapped module `$paramod$constmap:22e357b4324af85d05d4664656b522ea0af57e81$paramod$3bc42dccc683f8adaddd1d2d9861164873fa59f0\_90_shift_shiftx'.

2.20.8. Executing OPT_MUXTREE pass (detect dead branches in mux trees).
Running muxtree optimizer on module $paramod$constmap:22e357b4324af85d05d4664656b522ea0af57e81$paramod$3bc42dccc683f8adaddd1d2d9861164873fa59f0\_90_shift_shiftx..
  Creating internal representation of mux trees.
  Evaluating internal representation of mux trees.
  Analyzing evaluation results.
    dead port 1/2 on $mux $procmux$235.
    dead port 1/2 on $mux $procmux$232.
    dead port 2/2 on $mux $procmux$232.
    dead port 1/2 on $mux $procmux$229.
    dead port 1/2 on $mux $procmux$226.
    dead port 2/2 on $mux $procmux$226.
    dead port 1/2 on $mux $procmux$223.
    dead port 1/2 on $mux $procmux$220.
    dead port 2/2 on $mux $procmux$220.
    dead port 2/2 on $mux $procmux$214.
    dead port 2/2 on $mux $procmux$208.
    dead port 2/2 on $mux $procmux$202.
Removed 12 multiplexer ports.
<suppressed ~249 debug messages>

2.20.9. Executing OPT_EXPR pass (perform const folding).
Optimizing module $paramod$constmap:22e357b4324af85d05d4664656b522ea0af57e81$paramod$3bc42dccc683f8adaddd1d2d9861164873fa59f0\_90_shift_shiftx.
<suppressed ~3 debug messages>
Removed 0 unused cells and 15 unused wires.
Using template $paramod$constmap:22e357b4324af85d05d4664656b522ea0af57e81$paramod$3bc42dccc683f8adaddd1d2d9861164873fa59f0\_90_shift_shiftx for cells of type $shiftx.
Using extmapper simplemap for cells of type $eq.
Using extmapper simplemap for cells of type $logic_not.
Using extmapper simplemap for cells of type $logic_and.
Using extmapper simplemap for cells of type $logic_or.
Using extmapper simplemap for cells of type $not.
Using extmapper simplemap for cells of type $sdff.
Using extmapper simplemap for cells of type $reduce_or.
Using extmapper simplemap for cells of type $reduce_and.
Using extmapper simplemap for cells of type $and.
Using extmapper simplemap for cells of type $or.
Using template $paramod$3ef7d3dd227da7627a99c5e5a6a4deb817573e39\_90_alu for cells of type $alu.
Using extmapper simplemap for cells of type $sdffe.
Using extmapper simplemap for cells of type $mux.
Using extmapper simplemap for cells of type $xor.
Using template $paramod\_90_lcu\WIDTH=32'00000000000000000000000000000011 for cells of type $lcu.
Using extmapper simplemap for cells of type $pos.
No more expansions possible.
<suppressed ~169 debug messages>

2.21. Executing OPT pass (performing simple optimizations).

2.21.1. Executing OPT_EXPR pass (perform const folding).
Optimizing module secure_compare_fixed.
<suppressed ~466 debug messages>

2.21.2. Executing OPT_MERGE pass (detect identical cells).
Finding identical cells in module `\secure_compare_fixed'.
<suppressed ~282 debug messages>
Removed a total of 94 cells.

2.21.3. Executing OPT_DFF pass (perform DFF optimizations).

2.21.4. Executing OPT_CLEAN pass (remove unused cells and wires).
Finding unused cells or wires in module \secure_compare_fixed..
Removed 175 unused cells and 57 unused wires.
<suppressed ~177 debug messages>

2.21.5. Finished fast OPT passes.

2.22. Executing ABC pass (technology mapping using ABC).

2.22.1. Extracting gate netlist of module `\secure_compare_fixed' to `<abc-temp-dir>/input.blif'..
Extracted 95 gates and 168 wires to a netlist network with 71 inputs and 11 outputs.

2.22.1.1. Executing ABC.
Running ABC command: "<yosys-exe-dir>/yosys-abc" -s -f <abc-temp-dir>/abc.script 2>&1
ABC: ABC command line: "source <abc-temp-dir>/abc.script".
ABC: 
ABC: + read_blif <abc-temp-dir>/input.blif 
ABC: + read_library <abc-temp-dir>/stdcells.genlib 
ABC: Entered genlib library with 13 gates from file "<abc-temp-dir>/stdcells.genlib".
ABC: + strash 
ABC: + dretime 
ABC: + map 
ABC: + write_blif <abc-temp-dir>/output.blif 

2.22.1.2. Re-integrating ABC results.
ABC RESULTS:             ORNOT cells:        1
ABC RESULTS:               AND cells:        2
ABC RESULTS:              XNOR cells:        1
ABC RESULTS:            ANDNOT cells:        6
ABC RESULTS:               MUX cells:       57
ABC RESULTS:               NOR cells:        2
ABC RESULTS:               NOT cells:        4
ABC RESULTS:               XOR cells:        9
ABC RESULTS:                OR cells:       12
ABC RESULTS:        internal signals:       86
ABC RESULTS:           input signals:       71
ABC RESULTS:          output signals:       11
Removing temp directory.

2.23. Executing OPT pass (performing simple optimizations).

2.23.1. Executing OPT_EXPR pass (perform const folding).
Optimizing module secure_compare_fixed.
<suppressed ~25 debug messages>

2.23.2. Executing OPT_MERGE pass (detect identical cells).
Finding identical cells in module `\secure_compare_fixed'.
Removed a total of 0 cells.

2.23.3. Executing OPT_DFF pass (perform DFF optimizations).

2.23.4. Executing OPT_CLEAN pass (remove unused cells and wires).
Finding unused cells or wires in module \secure_compare_fixed..
Removed 1 unused cells and 99 unused wires.
<suppressed ~3 debug messages>

2.23.5. Finished fast OPT passes.

2.24. Executing HIERARCHY pass (managing design hierarchy).

2.24.1. Analyzing design hierarchy..
Top module:  \secure_compare_fixed

2.24.2. Analyzing design hierarchy..
Top module:  \secure_compare_fixed
Removed 0 unused modules.

2.25. Printing statistics.

=== secure_compare_fixed ===

   Number of wires:                103
   Number of wire bits:            186
   Number of public wires:          12
   Number of public wire bits:      91
   Number of memories:               0
   Number of memory bits:            0
   Number of processes:              0
   Number of cells:                100
     $_ANDNOT_                       6
     $_AND_                          2
     $_MUX_                         57
     $_NOR_                          2
     $_NOT_                          3
     $_ORNOT_                        1
     $_OR_                          12
     $_SDFFE_PP0P_                   5
     $_SDFF_PP0_                     2
     $_XNOR_                         1
     $_XOR_                          9

2.26. Executing CHECK pass (checking for obvious problems).
Checking module secure_compare_fixed...
Found and reported 0 problems.

3. Printing statistics.

=== secure_compare_fixed ===

   Number of wires:                103
   Number of wire bits:            186
   Number of public wires:          12
   Number of public wire bits:      91
   Number of memories:               0
   Number of memory bits:            0
   Number of processes:              0
   Number of cells:                100
     $_ANDNOT_                       6
     $_AND_                          2
     $_MUX_                         57
     $_NOR_                          2
     $_NOT_                          3
     $_ORNOT_                        1
     $_OR_                          12
     $_SDFFE_PP0P_                   5
     $_SDFF_PP0_                     2
     $_XNOR_                         1
     $_XOR_                          9

End of script. Logfile hash: 7b4b94938c, CPU: user 0.11s system 0.01s, MEM: 15.75 MB peak
Yosys 0.33 (git sha1 2584903a060)
Time spent: 33% 1x abc (0 sec), 18% 21x opt_expr (0 sec), ...
